Universal equivalent  1.000000 114.670000 0.686900 0.918700 0.479000 1.076800 1.143900
Universal equivalent  0.008700 1.000000 0.006000 0.008000 0.004200 0.009400 0.010000
Universal equivalent  1.455800 166.936500 1.000000 1.337400 0.697400 1.567600 1.665300
Universal equivalent  1.088500 124.817700 0.747700 1.000000 0.521400 1.172100 1.245100
Universal equivalent  2.087500 239.379100 1.434000 1.917800 1.000000 2.247800 2.387900
Universal equivalent  0.928700 106.494000 0.637900 0.853200 0.444900 1.000000 1.062300
Universal equivalent  0.874200 100.244800 0.600500 0.803100 0.418800 0.941300 1.000000
Universal equivalent 1.709700 0.014900 2.489000 1.861000 3.569100 1.587800 1.490000
-0.000000 -4.742058 0.375567 0.084796 0.736055 -0.073994 -0.134443
4.744432 -0.000000 5.115996 4.828314 5.472671 4.667046 4.605170
-0.375556 -5.117614 -0.000000 -0.290727 0.360396 -0.449546 -0.510005
-0.084801 -4.826854 0.290753 -0.000000 0.651238 -0.158797 -0.219216
-0.735967 -5.478048 -0.360468 -0.651179 -0.000000 -0.809952 -0.870414
0.073970 -4.668089 0.449574 0.158761 0.809906 -0.000000 -0.060436
0.134446 -4.607615 0.509993 0.219276 0.870362 0.060493 -0.000000

 BEST [given by exp(-s)/exp(-s0)]: 1.000000 0.004133 0.271361 0.117861 0.202048 3.175030 0.069781 
 BEST [s, as it is]: -2.168764 3.320071 -0.864457 -0.030518 -0.569516 -3.324081 0.493632  -> 166.197472

0

 BEST [given by exp(-s)/exp(-s0)]: 1.000000 0.001525 0.086486 0.050443 0.120042 0.310521 0.136576 
 BEST [s, as it is]: -3.470276 3.015272 -1.022507 -0.483359 -1.350360 -2.300773 -1.479403  -> 103.855248

1

 BEST [given by exp(-s)/exp(-s0)]: 1.000000 0.008702 0.596663 0.180179 0.413324 0.165321 0.268057 
 BEST [s, as it is]: -2.793033 1.951132 -2.276629 -1.079227 -1.909509 -0.993169 -1.476477  -> 50.101925

2

 BEST [given by exp(-s)/exp(-s0)]: 1.000000 0.004359 2.019744 0.310108 0.797431 0.284103 0.577518 
 BEST [s, as it is]: -2.588343 2.847114 -3.291314 -1.417507 -2.361983 -1.329924 -2.039328  -> 30.327124

3

 BEST [given by exp(-s)/exp(-s0)]: 1.000000 0.011152 3.003538 0.587146 1.215521 0.708359 0.927187 
 BEST [s, as it is]: -1.663483 2.832656 -2.763274 -1.131001 -1.858656 -1.318679 -1.587883  -> 18.361764

4

 BEST [given by exp(-s)/exp(-s0)]: 1.000000 0.011457 3.888948 1.364691 1.370597 1.321250 1.618722 
 BEST [s, as it is]: -1.416955 3.052201 -2.775093 -1.727883 -1.732201 -1.695533 -1.898591  -> 16.563144

5

 BEST [given by exp(-s)/exp(-s0)]: 1.000000 0.011254 3.823227 1.341895 1.449843 1.286614 1.429551 
 BEST [s, as it is]: -1.429964 3.057048 -2.771059 -1.724047 -1.801420 -1.681978 -1.787325  -> 14.211721

6

 BEST [given by exp(-s)/exp(-s0)]: 1.000000 0.011451 2.312766 1.377496 1.500710 2.052953 0.896417 
 BEST [s, as it is]: -1.364106 3.105609 -2.202550 -1.684373 -1.770044 -2.083385 -1.254756  -> 10.888986

7

 BEST [given by exp(-s)/exp(-s0)]: 1.000000 0.007583 1.733300 0.882415 1.501036 1.078435 0.663335 
 BEST [s, as it is]: -1.810591 3.071223 -2.360619 -1.685498 -2.216747 -1.886103 -1.400117  -> 3.419706

8

 BEST [given by exp(-s)/exp(-s0)]: 1.000000 0.007583 1.733300 0.882415 1.501036 1.078435 0.663335 
 BEST [s, as it is]: -1.810591 3.071223 -2.360619 -1.685498 -2.216747 -1.886103 -1.400117  -> 3.419706

9

 BEST [given by exp(-s)/exp(-s0)]: 1.000000 0.007587 1.249440 0.696497 1.462762 0.693385 0.557878 
 BEST [s, as it is]: -2.073871 2.807470 -2.296567 -1.712180 -2.454198 -1.707702 -1.490256  -> 2.434712

10

 BEST [given by exp(-s)/exp(-s0)]: 1.000000 0.007932 1.187506 0.948341 2.140894 1.136348 0.794110 
 BEST [s, as it is]: -1.920216 2.916627 -2.092071 -1.867175 -2.681439 -2.048035 -1.689682  -> 1.497972

11

 BEST [given by exp(-s)/exp(-s0)]: 1.000000 0.008977 1.613132 1.027619 1.927692 1.054295 0.864867 
 BEST [s, as it is]: -1.833750 2.879288 -2.311927 -1.860994 -2.490073 -1.886622 -1.688571  -> 0.495672

12

 BEST [given by exp(-s)/exp(-s0)]: 1.000000 0.008940 1.610802 1.025082 1.927860 1.052121 0.865807 
 BEST [s, as it is]: -1.835885 2.881305 -2.312617 -1.860657 -2.492295 -1.886692 -1.691791  -> 0.488670

13

 BEST [given by exp(-s)/exp(-s0)]: 1.000000 0.008940 1.610802 1.025082 1.927860 1.052121 0.865807 
 BEST [s, as it is]: -1.835885 2.881305 -2.312617 -1.860657 -2.492295 -1.886692 -1.691791  -> 0.488670

14

 BEST [given by exp(-s)/exp(-s0)]: 1.000000 0.008374 1.471962 1.006178 2.045950 1.048521 0.849109 
 BEST [s, as it is]: -1.871407 2.911248 -2.258003 -1.877566 -2.587269 -1.918788 -1.707839  -> 0.334383

15

 BEST [given by exp(-s)/exp(-s0)]: 1.000000 0.009282 1.533385 1.059048 2.081020 1.031753 0.932586 
 BEST [s, as it is]: -1.849594 2.830044 -2.277071 -1.906965 -2.582452 -1.880853 -1.779800  -> 0.187149

16

 BEST [given by exp(-s)/exp(-s0)]: 1.000000 0.008343 1.461098 0.976198 2.042366 0.902999 0.881265 
 BEST [s, as it is]: -1.929441 2.856883 -2.308629 -1.905352 -2.643550 -1.827407 -1.803045  -> 0.140773

17

 BEST [given by exp(-s)/exp(-s0)]: 1.000000 0.008386 1.440199 0.973922 2.023709 0.911093 0.871663 
 BEST [s, as it is]: -1.930977 2.850174 -2.295758 -1.904553 -2.635909 -1.837867 -1.793625  -> 0.124487

18

 BEST [given by exp(-s)/exp(-s0)]: 1.000000 0.008969 1.456234 0.997003 2.046834 0.894387 0.884979 
 BEST [s, as it is]: -1.916468 2.797493 -2.292321 -1.913466 -2.632762 -1.804851 -1.794277  -> 0.123613

19

 BEST [given by exp(-s)/exp(-s0)]: 1.000000 0.008670 1.438203 0.996014 2.070789 0.910665 0.879187 
 BEST [s, as it is]: -1.934048 2.813782 -2.297442 -1.930053 -2.661977 -1.840467 -1.805289  -> 0.087045

20

 BEST [given by exp(-s)/exp(-s0)]: 1.000000 0.008670 1.438203 0.996014 2.070789 0.910665 0.879187 
 BEST [s, as it is]: -1.934048 2.813782 -2.297442 -1.930053 -2.661977 -1.840467 -1.805289  -> 0.087045

21

 BEST [given by exp(-s)/exp(-s0)]: 1.000000 0.008557 1.419152 0.993188 2.065631 0.914471 0.872068 
 BEST [s, as it is]: -1.941640 2.819388 -2.291699 -1.934805 -2.667075 -1.852231 -1.804752  -> 0.083343

22

 BEST [given by exp(-s)/exp(-s0)]: 1.000000 0.008466 1.422108 1.002586 2.060767 0.913041 0.871776 
 BEST [s, as it is]: -1.937441 2.834273 -2.289581 -1.940024 -2.660519 -1.846466 -1.800218  -> 0.065774

23

 BEST [given by exp(-s)/exp(-s0)]: 1.000000 0.008967 1.479449 1.065140 2.159839 0.940111 0.908481 
 BEST [s, as it is]: -1.888864 2.825313 -2.280534 -1.951970 -2.658898 -1.827107 -1.792883  -> 0.037671

24

 BEST [given by exp(-s)/exp(-s0)]: 1.000000 0.008967 1.479449 1.065140 2.159839 0.940111 0.908481 
 BEST [s, as it is]: -1.888864 2.825313 -2.280534 -1.951970 -2.658898 -1.827107 -1.792883  -> 0.037671

25

 BEST [given by exp(-s)/exp(-s0)]: 1.000000 0.008888 1.498686 1.084215 2.176525 0.952503 0.918304 
 BEST [s, as it is]: -1.867736 2.855345 -2.272325 -1.948592 -2.645466 -1.819074 -1.782509  -> 0.033991

26

 BEST [given by exp(-s)/exp(-s0)]: 1.000000 0.008850 1.500147 1.073913 2.155304 0.948464 0.911871 
 BEST [s, as it is]: -1.873136 2.854189 -2.278699 -1.944445 -2.641067 -1.820224 -1.780879  -> 0.032621

27

 BEST [given by exp(-s)/exp(-s0)]: 1.000000 0.008555 1.464976 1.044435 2.079132 0.935733 0.878249 
 BEST [s, as it is]: -1.897745 2.863523 -2.279584 -1.941222 -2.629696 -1.831320 -1.767920  -> 0.027738

28

 BEST [given by exp(-s)/exp(-s0)]: 1.000000 0.008909 1.449994 1.061281 2.093533 0.931025 0.877449 
 BEST [s, as it is]: -1.889670 2.831008 -2.261230 -1.949147 -2.628524 -1.818201 -1.758934  -> 0.015529

29

 BEST [given by exp(-s)/exp(-s0)]: 1.000000 0.008972 1.486456 1.101264 2.115731 0.937648 0.895288 
 BEST [s, as it is]: -1.879997 2.833698 -2.276392 -1.976455 -2.629397 -1.815616 -1.769387  -> 0.007484

30

 BEST [given by exp(-s)/exp(-s0)]: 1.000000 0.008672 1.449017 1.061033 2.064550 0.926165 0.863662 
 BEST [s, as it is]: -1.900696 2.846917 -2.271581 -1.959940 -2.625609 -1.823993 -1.754123  -> 0.006180

31

 BEST [given by exp(-s)/exp(-s0)]: 1.000000 0.008794 1.462671 1.084276 2.091014 0.937071 0.875750 
 BEST [s, as it is]: -1.890855 2.842791 -2.271119 -1.971767 -2.628504 -1.825859 -1.758180  -> 0.001709

32

 BEST [given by exp(-s)/exp(-s0)]: 1.000000 0.008794 1.462671 1.084276 2.091014 0.937071 0.875750 
 BEST [s, as it is]: -1.890855 2.842791 -2.271119 -1.971767 -2.628504 -1.825859 -1.758180  -> 0.001709

33

 BEST [given by exp(-s)/exp(-s0)]: 1.000000 0.008794 1.462671 1.084276 2.091014 0.937071 0.875750 
 BEST [s, as it is]: -1.890855 2.842791 -2.271119 -1.971767 -2.628504 -1.825859 -1.758180  -> 0.001709

34

 BEST [given by exp(-s)/exp(-s0)]: 1.000000 0.008766 1.458088 1.086193 2.083153 0.933441 0.870870 
 BEST [s, as it is]: -1.893895 2.842981 -2.271022 -1.976574 -2.627778 -1.825018 -1.755633  -> 0.000932

35

 BEST [given by exp(-s)/exp(-s0)]: 1.000000 0.008757 1.451131 1.084038 2.078419 0.927554 0.870547 
 BEST [s, as it is]: -1.897474 2.840403 -2.269818 -1.978167 -2.629082 -1.822270 -1.758841  -> 0.000621

36

 BEST [given by exp(-s)/exp(-s0)]: 1.000000 0.008782 1.457446 1.091324 2.082228 0.929079 0.873425 
 BEST [s, as it is]: -1.894824 2.840200 -2.271510 -1.982216 -2.628263 -1.821263 -1.759491  -> 0.000549

37

 BEST [given by exp(-s)/exp(-s0)]: 1.000000 0.008737 1.455555 1.091809 2.078358 0.929777 0.870967 
 BEST [s, as it is]: -1.895223 2.845014 -2.270610 -1.983060 -2.626801 -1.822413 -1.757073  -> 0.000523

38

 BEST [given by exp(-s)/exp(-s0)]: 1.000000 0.008745 1.465540 1.089806 2.091500 0.930167 0.877989 
 BEST [s, as it is]: -1.895118 2.844134 -2.277342 -1.981118 -2.633000 -1.822727 -1.764997  -> 0.000521

39

 BEST [given by exp(-s)/exp(-s0)]: 1.000000 0.008725 1.461934 1.089879 2.086155 0.929882 0.874973 
 BEST [s, as it is]: -1.896711 2.844897 -2.276471 -1.982778 -2.632033 -1.824013 -1.763148  -> 0.000287

40

 BEST [given by exp(-s)/exp(-s0)]: 1.000000 0.008732 1.459943 1.090353 2.085213 0.929685 0.874214 
 BEST [s, as it is]: -1.896893 2.843822 -2.275290 -1.983394 -2.631764 -1.823983 -1.762463  -> 0.000166

41

 BEST [given by exp(-s)/exp(-s0)]: 1.000000 0.008734 1.455824 1.089104 2.081536 0.929899 0.872932 
 BEST [s, as it is]: -1.896752 2.843834 -2.272324 -1.982108 -2.629859 -1.824073 -1.760855  -> 0.000158

42

 BEST [given by exp(-s)/exp(-s0)]: 1.000000 0.008730 1.456073 1.089886 2.085718 0.927019 0.873818 
 BEST [s, as it is]: -1.899127 2.841854 -2.274870 -1.985200 -2.634240 -1.823346 -1.764244  -> 0.000103

43

 BEST [given by exp(-s)/exp(-s0)]: 1.000000 0.008741 1.456678 1.088459 2.088110 0.928381 0.874378 
 BEST [s, as it is]: -1.898098 2.841642 -2.274256 -1.982861 -2.634357 -1.823784 -1.763856  -> 0.000073

44

 BEST [given by exp(-s)/exp(-s0)]: 1.000000 0.008741 1.456678 1.088459 2.088110 0.928381 0.874378 
 BEST [s, as it is]: -1.898098 2.841642 -2.274256 -1.982861 -2.634357 -1.823784 -1.763856  -> 0.000073

45

 BEST [given by exp(-s)/exp(-s0)]: 1.000000 0.008743 1.456736 1.088444 2.086784 0.928453 0.874063 
 BEST [s, as it is]: -1.897839 2.841711 -2.274037 -1.982587 -2.633463 -1.823603 -1.763235  -> 0.000071

46

 BEST [given by exp(-s)/exp(-s0)]: 1.000000 0.008742 1.456217 1.088632 2.087273 0.928321 0.874041 
 BEST [s, as it is]: -1.897920 2.841652 -2.273762 -1.982842 -2.633779 -1.823543 -1.763292  -> 0.000068

47

 BEST [given by exp(-s)/exp(-s0)]: 1.000000 0.008739 1.455276 1.088889 2.086062 0.928149 0.873735 
 BEST [s, as it is]: -1.898158 2.841783 -2.273353 -1.983316 -2.633436 -1.823595 -1.763180  -> 0.000060

48

 BEST [given by exp(-s)/exp(-s0)]: 1.000000 0.008739 1.455550 1.088824 2.086433 0.928175 0.873856 
 BEST [s, as it is]: -1.898161 2.841758 -2.273545 -1.983259 -2.633617 -1.823627 -1.763321  -> 0.000059

49

 BEST [given by exp(-s)/exp(-s0)]: 1.000000 0.008739 1.455389 1.088975 2.086277 0.928388 0.873770 
 BEST [s, as it is]: -1.898085 2.841891 -2.273358 -1.983323 -2.633467 -1.823780 -1.763148  -> 0.000056

50

 BEST [given by exp(-s)/exp(-s0)]: 1.000000 0.008732 1.454719 1.088684 2.084812 0.928059 0.873352 
 BEST [s, as it is]: -1.898492 2.842251 -2.273305 -1.983462 -2.633171 -1.823832 -1.763076  -> 0.000054

51

 BEST [given by exp(-s)/exp(-s0)]: 1.000000 0.008732 1.454719 1.088684 2.084812 0.928059 0.873352 
 BEST [s, as it is]: -1.898492 2.842251 -2.273305 -1.983462 -2.633171 -1.823832 -1.763076  -> 0.000054

52

 BEST [given by exp(-s)/exp(-s0)]: 1.000000 0.008728 1.455654 1.088922 2.086441 0.928473 0.873965 
 BEST [s, as it is]: -1.898542 2.842662 -2.273998 -1.983730 -2.634002 -1.824329 -1.763828  -> 0.000051

53

 BEST [given by exp(-s)/exp(-s0)]: 1.000000 0.008730 1.455113 1.088869 2.085452 0.928250 0.873635 
 BEST [s, as it is]: -1.898513 2.842519 -2.273597 -1.983653 -2.633499 -1.824059 -1.763421  -> 0.000049

54

 BEST [given by exp(-s)/exp(-s0)]: 1.000000 0.008734 1.455056 1.088569 2.086130 0.928659 0.873774 
 BEST [s, as it is]: -1.898168 2.842408 -2.273212 -1.983032 -2.633478 -1.824154 -1.763234  -> 0.000049

55

 BEST [given by exp(-s)/exp(-s0)]: 1.000000 0.008732 1.455102 1.088628 2.086180 0.928589 0.873816 
 BEST [s, as it is]: -1.898297 2.842455 -2.273373 -1.983216 -2.633632 -1.824208 -1.763411  -> 0.000048

56

 BEST [given by exp(-s)/exp(-s0)]: 1.000000 0.008732 1.455102 1.088628 2.086180 0.928589 0.873816 
 BEST [s, as it is]: -1.898297 2.842455 -2.273373 -1.983216 -2.633632 -1.824208 -1.763411  -> 0.000048

57

 BEST [given by exp(-s)/exp(-s0)]: 1.000000 0.008731 1.455115 1.088662 2.086183 0.928560 0.873838 
 BEST [s, as it is]: -1.898375 2.842514 -2.273460 -1.983324 -2.633711 -1.824255 -1.763515  -> 0.000048

58

 BEST [given by exp(-s)/exp(-s0)]: 1.000000 0.008732 1.455108 1.088733 2.086154 0.928539 0.873847 
 BEST [s, as it is]: -1.898357 2.842460 -2.273437 -1.983371 -2.633679 -1.824214 -1.763507  -> 0.000048

59

 BEST [given by exp(-s)/exp(-s0)]: 1.000000 0.008732 1.455108 1.088733 2.086154 0.928539 0.873847 
 BEST [s, as it is]: -1.898357 2.842460 -2.273437 -1.983371 -2.633679 -1.824214 -1.763507  -> 0.000048

60

 BEST [given by exp(-s)/exp(-s0)]: 1.000000 0.008731 1.455161 1.088759 2.086151 0.928526 0.873875 
 BEST [s, as it is]: -1.898367 2.842477 -2.273483 -1.983406 -2.633688 -1.824210 -1.763549  -> 0.000048

61

 BEST [given by exp(-s)/exp(-s0)]: 1.000000 0.008733 1.455582 1.088659 2.086120 0.928496 0.873964 
 BEST [s, as it is]: -1.898256 2.842399 -2.273662 -1.983203 -2.633562 -1.824068 -1.763541  -> 0.000047

62

 BEST [given by exp(-s)/exp(-s0)]: 1.000000 0.008732 1.455470 1.088693 2.086089 0.928517 0.873928 
 BEST [s, as it is]: -1.898291 2.842441 -2.273620 -1.983268 -2.633582 -1.824124 -1.763534  -> 0.000047

63

 BEST [given by exp(-s)/exp(-s0)]: 1.000000 0.008732 1.455470 1.088693 2.086089 0.928517 0.873928 
 BEST [s, as it is]: -1.898291 2.842441 -2.273620 -1.983268 -2.633582 -1.824124 -1.763534  -> 0.000047

64

 BEST [given by exp(-s)/exp(-s0)]: 1.000000 0.008732 1.455470 1.088693 2.086089 0.928517 0.873928 
 BEST [s, as it is]: -1.898291 2.842441 -2.273620 -1.983268 -2.633582 -1.824124 -1.763534  -> 0.000047

65

 BEST [given by exp(-s)/exp(-s0)]: 1.000000 0.008732 1.455434 1.088647 2.085957 0.928497 0.873907 
 BEST [s, as it is]: -1.898332 2.842486 -2.273636 -1.983267 -2.633559 -1.824143 -1.763550  -> 0.000047

66

 BEST [given by exp(-s)/exp(-s0)]: 1.000000 0.008732 1.455434 1.088647 2.085957 0.928497 0.873907 
 BEST [s, as it is]: -1.898332 2.842486 -2.273636 -1.983267 -2.633559 -1.824143 -1.763550  -> 0.000047

67

 BEST [given by exp(-s)/exp(-s0)]: 1.000000 0.008732 1.455440 1.088655 2.085980 0.928500 0.873911 
 BEST [s, as it is]: -1.898324 2.842478 -2.273633 -1.983268 -2.633563 -1.824140 -1.763547  -> 0.000047

68

 BEST [given by exp(-s)/exp(-s0)]: 1.000000 0.008732 1.455445 1.088708 2.086046 0.928534 0.873930 
 BEST [s, as it is]: -1.898286 2.842492 -2.273598 -1.983278 -2.633556 -1.824138 -1.763531  -> 0.000047

69

 BEST [given by exp(-s)/exp(-s0)]: 1.000000 0.008732 1.455445 1.088708 2.086046 0.928534 0.873930 
 BEST [s, as it is]: -1.898286 2.842492 -2.273598 -1.983278 -2.633556 -1.824138 -1.763531  -> 0.000047

70

 BEST [given by exp(-s)/exp(-s0)]: 1.000000 0.008732 1.455445 1.088708 2.086046 0.928534 0.873930 
 BEST [s, as it is]: -1.898286 2.842492 -2.273598 -1.983278 -2.633556 -1.824138 -1.763531  -> 0.000047

71

 BEST [given by exp(-s)/exp(-s0)]: 1.000000 0.008732 1.455445 1.088708 2.086046 0.928534 0.873930 
 BEST [s, as it is]: -1.898286 2.842492 -2.273598 -1.983278 -2.633556 -1.824138 -1.763531  -> 0.000047

72

 BEST [given by exp(-s)/exp(-s0)]: 1.000000 0.008732 1.455442 1.088708 2.086038 0.928535 0.873930 
 BEST [s, as it is]: -1.898287 2.842497 -2.273596 -1.983279 -2.633553 -1.824140 -1.763532  -> 0.000047

73

 BEST [given by exp(-s)/exp(-s0)]: 1.000000 0.008732 1.455473 1.088734 2.086036 0.928533 0.873931 
 BEST [s, as it is]: -1.898264 2.842482 -2.273595 -1.983280 -2.633530 -1.824115 -1.763510  -> 0.000047

74

 BEST [given by exp(-s)/exp(-s0)]: 1.000000 0.008732 1.455491 1.088736 2.086052 0.928566 0.873912 
 BEST [s, as it is]: -1.898241 2.842541 -2.273584 -1.983259 -2.633514 -1.824127 -1.763465  -> 0.000047

75

 BEST [given by exp(-s)/exp(-s0)]: 1.000000 0.008732 1.455484 1.088725 2.086026 0.928563 0.873907 
 BEST [s, as it is]: -1.898236 2.842540 -2.273574 -1.983243 -2.633497 -1.824119 -1.763455  -> 0.000047

76

 BEST [given by exp(-s)/exp(-s0)]: 1.000000 0.008732 1.455487 1.088735 2.086031 0.928552 0.873919 
 BEST [s, as it is]: -1.898246 2.842516 -2.273586 -1.983262 -2.633509 -1.824117 -1.763478  -> 0.000047

77

 BEST [given by exp(-s)/exp(-s0)]: 1.000000 0.008732 1.455487 1.088735 2.086031 0.928552 0.873919 
 BEST [s, as it is]: -1.898246 2.842516 -2.273586 -1.983262 -2.633509 -1.824117 -1.763478  -> 0.000047

78

 BEST [given by exp(-s)/exp(-s0)]: 1.000000 0.008732 1.455487 1.088735 2.086031 0.928552 0.873919 
 BEST [s, as it is]: -1.898246 2.842516 -2.273586 -1.983262 -2.633509 -1.824117 -1.763478  -> 0.000047

79

 BEST [given by exp(-s)/exp(-s0)]: 1.000000 0.008732 1.455485 1.088730 2.086009 0.928544 0.873920 
 BEST [s, as it is]: -1.898247 2.842505 -2.273587 -1.983260 -2.633500 -1.824110 -1.763481  -> 0.000047

80

 BEST [given by exp(-s)/exp(-s0)]: 1.000000 0.008732 1.455484 1.088730 2.086007 0.928544 0.873920 
 BEST [s, as it is]: -1.898247 2.842504 -2.273585 -1.983259 -2.633499 -1.824110 -1.763481  -> 0.000047

81

 BEST [given by exp(-s)/exp(-s0)]: 1.000000 0.008732 1.455483 1.088717 2.085972 0.928540 0.873910 
 BEST [s, as it is]: -1.898248 2.842514 -2.273586 -1.983249 -2.633483 -1.824107 -1.763471  -> 0.000047

82

 BEST [given by exp(-s)/exp(-s0)]: 1.000000 0.008732 1.455483 1.088717 2.085972 0.928540 0.873910 
 BEST [s, as it is]: -1.898248 2.842514 -2.273586 -1.983249 -2.633483 -1.824107 -1.763471  -> 0.000047

83

 BEST [given by exp(-s)/exp(-s0)]: 1.000000 0.008732 1.455463 1.088717 2.085964 0.928546 0.873901 
 BEST [s, as it is]: -1.898251 2.842522 -2.273575 -1.983251 -2.633483 -1.824115 -1.763463  -> 0.000047

84

 BEST [given by exp(-s)/exp(-s0)]: 1.000000 0.008732 1.455493 1.088731 2.085974 0.928556 0.873906 
 BEST [s, as it is]: -1.898238 2.842523 -2.273582 -1.983250 -2.633474 -1.824114 -1.763456  -> 0.000047

85

 BEST [given by exp(-s)/exp(-s0)]: 1.000000 0.008732 1.455493 1.088731 2.085974 0.928556 0.873906 
 BEST [s, as it is]: -1.898238 2.842523 -2.273582 -1.983250 -2.633474 -1.824114 -1.763456  -> 0.000047

86

 BEST [given by exp(-s)/exp(-s0)]: 1.000000 0.008732 1.455495 1.088732 2.085974 0.928557 0.873911 
 BEST [s, as it is]: -1.898236 2.842518 -2.273582 -1.983250 -2.633472 -1.824113 -1.763459  -> 0.000047

87

 BEST [given by exp(-s)/exp(-s0)]: 1.000000 0.008732 1.455469 1.088723 2.085966 0.928549 0.873907 
 BEST [s, as it is]: -1.898247 2.842515 -2.273575 -1.983253 -2.633480 -1.824115 -1.763466  -> 0.000047

88

 BEST [given by exp(-s)/exp(-s0)]: 1.000000 0.008732 1.455474 1.088724 2.085971 0.928548 0.873909 
 BEST [s, as it is]: -1.898246 2.842516 -2.273578 -1.983252 -2.633481 -1.824113 -1.763467  -> 0.000047

89

 BEST [given by exp(-s)/exp(-s0)]: 1.000000 0.008732 1.455474 1.088724 2.085971 0.928549 0.873908 
 BEST [s, as it is]: -1.898246 2.842518 -2.273578 -1.983252 -2.633481 -1.824114 -1.763466  -> 0.000047

90

 BEST [given by exp(-s)/exp(-s0)]: 1.000000 0.008732 1.455478 1.088724 2.085971 0.928551 0.873907 
 BEST [s, as it is]: -1.898245 2.842518 -2.273579 -1.983251 -2.633479 -1.824115 -1.763463  -> 0.000047

91

 BEST [given by exp(-s)/exp(-s0)]: 1.000000 0.008732 1.455477 1.088724 2.085971 0.928551 0.873907 
 BEST [s, as it is]: -1.898245 2.842519 -2.273579 -1.983252 -2.633480 -1.824115 -1.763464  -> 0.000047

92

 BEST [given by exp(-s)/exp(-s0)]: 1.000000 0.008732 1.455477 1.088724 2.085971 0.928551 0.873907 
 BEST [s, as it is]: -1.898245 2.842519 -2.273579 -1.983252 -2.633480 -1.824115 -1.763464  -> 0.000047

93

 BEST [given by exp(-s)/exp(-s0)]: 1.000000 0.008732 1.455481 1.088729 2.085973 0.928553 0.873908 
 BEST [s, as it is]: -1.898243 2.842520 -2.273579 -1.983253 -2.633478 -1.824115 -1.763463  -> 0.000047

94

 BEST [given by exp(-s)/exp(-s0)]: 1.000000 0.008732 1.455481 1.088729 2.085973 0.928553 0.873908 
 BEST [s, as it is]: -1.898243 2.842520 -2.273579 -1.983253 -2.633478 -1.824115 -1.763463  -> 0.000047

95

 BEST [given by exp(-s)/exp(-s0)]: 1.000000 0.008732 1.455482 1.088729 2.085974 0.928554 0.873909 
 BEST [s, as it is]: -1.898242 2.842520 -2.273580 -1.983254 -2.633478 -1.824115 -1.763463  -> 0.000047

96

 BEST [given by exp(-s)/exp(-s0)]: 1.000000 0.008732 1.455481 1.088727 2.085964 0.928552 0.873911 
 BEST [s, as it is]: -1.898243 2.842521 -2.273579 -1.983252 -2.633474 -1.824114 -1.763466  -> 0.000047

97

 BEST [given by exp(-s)/exp(-s0)]: 1.000000 0.008732 1.455482 1.088729 2.085969 0.928553 0.873911 
 BEST [s, as it is]: -1.898242 2.842521 -2.273580 -1.983253 -2.633476 -1.824114 -1.763466  -> 0.000047

98

 BEST [given by exp(-s)/exp(-s0)]: 1.000000 0.008732 1.455482 1.088729 2.085969 0.928553 0.873911 
 BEST [s, as it is]: -1.898242 2.842521 -2.273580 -1.983253 -2.633476 -1.824114 -1.763466  -> 0.000047

99

 BEST [given by exp(-s)/exp(-s0)]: 1.000000 0.008732 1.455484 1.088729 2.085971 0.928553 0.873912 
 BEST [s, as it is]: -1.898242 2.842521 -2.273581 -1.983253 -2.633476 -1.824114 -1.763466  -> 0.000047

100

 BEST [given by exp(-s)/exp(-s0)]: 1.000000 0.008732 1.455484 1.088729 2.085971 0.928553 0.873912 
 BEST [s, as it is]: -1.898242 2.842521 -2.273581 -1.983253 -2.633476 -1.824114 -1.763466  -> 0.000047

101

 BEST [given by exp(-s)/exp(-s0)]: 1.000000 0.008732 1.455484 1.088729 2.085971 0.928553 0.873912 
 BEST [s, as it is]: -1.898242 2.842521 -2.273581 -1.983253 -2.633476 -1.824114 -1.763466  -> 0.000047

102

 BEST [given by exp(-s)/exp(-s0)]: 1.000000 0.008732 1.455484 1.088729 2.085971 0.928553 0.873912 
 BEST [s, as it is]: -1.898242 2.842521 -2.273581 -1.983253 -2.633476 -1.824114 -1.763466  -> 0.000047

103

 BEST [given by exp(-s)/exp(-s0)]: 1.000000 0.008732 1.455482 1.088729 2.085970 0.928553 0.873911 
 BEST [s, as it is]: -1.898242 2.842521 -2.273579 -1.983253 -2.633476 -1.824114 -1.763466  -> 0.000047

104

 BEST [given by exp(-s)/exp(-s0)]: 1.000000 0.008732 1.455482 1.088728 2.085970 0.928553 0.873911 
 BEST [s, as it is]: -1.898242 2.842521 -2.273580 -1.983253 -2.633476 -1.824115 -1.763466  -> 0.000047

105

 BEST [given by exp(-s)/exp(-s0)]: 1.000000 0.008732 1.455482 1.088728 2.085970 0.928553 0.873911 
 BEST [s, as it is]: -1.898242 2.842521 -2.273580 -1.983253 -2.633476 -1.824115 -1.763466  -> 0.000047

106

 BEST [given by exp(-s)/exp(-s0)]: 1.000000 0.008732 1.455482 1.088728 2.085970 0.928553 0.873911 
 BEST [s, as it is]: -1.898243 2.842521 -2.273580 -1.983253 -2.633477 -1.824115 -1.763466  -> 0.000047

107

 BEST [given by exp(-s)/exp(-s0)]: 1.000000 0.008732 1.455483 1.088730 2.085973 0.928553 0.873912 
 BEST [s, as it is]: -1.898242 2.842520 -2.273580 -1.983253 -2.633477 -1.824115 -1.763467  -> 0.000047

108

 BEST [given by exp(-s)/exp(-s0)]: 1.000000 0.008732 1.455482 1.088729 2.085972 0.928553 0.873912 
 BEST [s, as it is]: -1.898242 2.842520 -2.273580 -1.983253 -2.633477 -1.824115 -1.763467  -> 0.000047

109

 BEST [given by exp(-s)/exp(-s0)]: 1.000000 0.008732 1.455484 1.088730 2.085972 0.928554 0.873912 
 BEST [s, as it is]: -1.898242 2.842520 -2.273580 -1.983253 -2.633477 -1.824115 -1.763467  -> 0.000047

110

 BEST [given by exp(-s)/exp(-s0)]: 1.000000 0.008732 1.455484 1.088730 2.085972 0.928554 0.873912 
 BEST [s, as it is]: -1.898242 2.842520 -2.273580 -1.983253 -2.633477 -1.824115 -1.763467  -> 0.000047

111

 BEST [given by exp(-s)/exp(-s0)]: 1.000000 0.008732 1.455483 1.088729 2.085972 0.928554 0.873912 
 BEST [s, as it is]: -1.898242 2.842520 -2.273580 -1.983253 -2.633477 -1.824115 -1.763467  -> 0.000047

112

 BEST [given by exp(-s)/exp(-s0)]: 1.000000 0.008732 1.455483 1.088729 2.085972 0.928554 0.873912 
 BEST [s, as it is]: -1.898242 2.842520 -2.273580 -1.983253 -2.633477 -1.824115 -1.763467  -> 0.000047

113

 BEST [given by exp(-s)/exp(-s0)]: 1.000000 0.008732 1.455483 1.088729 2.085972 0.928554 0.873912 
 BEST [s, as it is]: -1.898242 2.842520 -2.273580 -1.983253 -2.633477 -1.824115 -1.763467  -> 0.000047

114

 BEST [given by exp(-s)/exp(-s0)]: 1.000000 0.008732 1.455483 1.088729 2.085972 0.928554 0.873912 
 BEST [s, as it is]: -1.898242 2.842521 -2.273580 -1.983253 -2.633477 -1.824115 -1.763467  -> 0.000047

115

 BEST [given by exp(-s)/exp(-s0)]: 1.000000 0.008732 1.455483 1.088729 2.085972 0.928554 0.873913 
 BEST [s, as it is]: -1.898242 2.842521 -2.273580 -1.983253 -2.633477 -1.824115 -1.763467  -> 0.000047

116

 BEST [given by exp(-s)/exp(-s0)]: 1.000000 0.008732 1.455483 1.088729 2.085972 0.928554 0.873912 
 BEST [s, as it is]: -1.898242 2.842520 -2.273580 -1.983253 -2.633477 -1.824115 -1.763467  -> 0.000047

117

 BEST [given by exp(-s)/exp(-s0)]: 1.000000 0.008732 1.455483 1.088730 2.085973 0.928554 0.873913 
 BEST [s, as it is]: -1.898242 2.842520 -2.273580 -1.983253 -2.633477 -1.824115 -1.763467  -> 0.000047

118

 BEST [given by exp(-s)/exp(-s0)]: 1.000000 0.008732 1.455483 1.088730 2.085973 0.928554 0.873913 
 BEST [s, as it is]: -1.898242 2.842520 -2.273580 -1.983253 -2.633477 -1.824115 -1.763467  -> 0.000047

119

 BEST [given by exp(-s)/exp(-s0)]: 1.000000 0.008732 1.455483 1.088729 2.085973 0.928554 0.873913 
 BEST [s, as it is]: -1.898242 2.842520 -2.273580 -1.983253 -2.633477 -1.824115 -1.763467  -> 0.000047

120

 BEST [given by exp(-s)/exp(-s0)]: 1.000000 0.008732 1.455483 1.088729 2.085973 0.928554 0.873913 
 BEST [s, as it is]: -1.898242 2.842520 -2.273580 -1.983253 -2.633477 -1.824115 -1.763467  -> 0.000047

121

 BEST [given by exp(-s)/exp(-s0)]: 1.000000 0.008732 1.455483 1.088730 2.085973 0.928554 0.873913 
 BEST [s, as it is]: -1.898242 2.842520 -2.273580 -1.983253 -2.633477 -1.824115 -1.763467  -> 0.000047

122

 BEST [given by exp(-s)/exp(-s0)]: 1.000000 0.008732 1.455483 1.088729 2.085973 0.928554 0.873913 
 BEST [s, as it is]: -1.898242 2.842520 -2.273580 -1.983253 -2.633477 -1.824115 -1.763467  -> 0.000047

123

 BEST [given by exp(-s)/exp(-s0)]: 1.000000 0.008732 1.455483 1.088729 2.085973 0.928554 0.873913 
 BEST [s, as it is]: -1.898242 2.842520 -2.273580 -1.983253 -2.633477 -1.824115 -1.763467  -> 0.000047

124

 BEST [given by exp(-s)/exp(-s0)]: 1.000000 0.008732 1.455483 1.088729 2.085973 0.928554 0.873913 
 BEST [s, as it is]: -1.898242 2.842520 -2.273580 -1.983253 -2.633477 -1.824115 -1.763467  -> 0.000047

125

 BEST [given by exp(-s)/exp(-s0)]: 1.000000 0.008732 1.455483 1.088729 2.085973 0.928554 0.873913 
 BEST [s, as it is]: -1.898242 2.842520 -2.273580 -1.983253 -2.633477 -1.824115 -1.763467  -> 0.000047

126

 BEST [given by exp(-s)/exp(-s0)]: 1.000000 0.008732 1.455483 1.088729 2.085973 0.928554 0.873913 
 BEST [s, as it is]: -1.898242 2.842520 -2.273580 -1.983253 -2.633477 -1.824115 -1.763467  -> 0.000047

127

 BEST [given by exp(-s)/exp(-s0)]: 1.000000 0.008732 1.455483 1.088729 2.085973 0.928554 0.873913 
 BEST [s, as it is]: -1.898242 2.842520 -2.273580 -1.983253 -2.633477 -1.824115 -1.763467  -> 0.000047

128

 BEST [given by exp(-s)/exp(-s0)]: 1.000000 0.008732 1.455483 1.088729 2.085973 0.928554 0.873913 
 BEST [s, as it is]: -1.898242 2.842520 -2.273580 -1.983253 -2.633477 -1.824115 -1.763467  -> 0.000047

129

 BEST [given by exp(-s)/exp(-s0)]: 1.000000 0.008732 1.455483 1.088729 2.085973 0.928554 0.873913 
 BEST [s, as it is]: -1.898242 2.842520 -2.273580 -1.983253 -2.633477 -1.824115 -1.763467  -> 0.000047

130

 BEST [given by exp(-s)/exp(-s0)]: 1.000000 0.008732 1.455483 1.088729 2.085973 0.928554 0.873913 
 BEST [s, as it is]: -1.898242 2.842520 -2.273580 -1.983253 -2.633477 -1.824115 -1.763467  -> 0.000047

131

 BEST [given by exp(-s)/exp(-s0)]: 1.000000 0.008732 1.455483 1.088729 2.085973 0.928554 0.873913 
 BEST [s, as it is]: -1.898242 2.842520 -2.273580 -1.983253 -2.633477 -1.824116 -1.763467  -> 0.000047

132

 BEST [given by exp(-s)/exp(-s0)]: 1.000000 0.008732 1.455483 1.088729 2.085973 0.928554 0.873913 
 BEST [s, as it is]: -1.898242 2.842520 -2.273580 -1.983253 -2.633477 -1.824116 -1.763467  -> 0.000047

133

 BEST [given by exp(-s)/exp(-s0)]: 1.000000 0.008732 1.455483 1.088729 2.085973 0.928554 0.873913 
 BEST [s, as it is]: -1.898242 2.842520 -2.273580 -1.983253 -2.633477 -1.824116 -1.763467  -> 0.000047

134

 BEST [given by exp(-s)/exp(-s0)]: 1.000000 0.008732 1.455483 1.088729 2.085973 0.928554 0.873913 
 BEST [s, as it is]: -1.898242 2.842520 -2.273580 -1.983253 -2.633477 -1.824116 -1.763467  -> 0.000047

135

 BEST [given by exp(-s)/exp(-s0)]: 1.000000 0.008732 1.455483 1.088729 2.085973 0.928554 0.873913 
 BEST [s, as it is]: -1.898242 2.842520 -2.273580 -1.983253 -2.633477 -1.824116 -1.763467  -> 0.000047

136

 BEST [given by exp(-s)/exp(-s0)]: 1.000000 0.008732 1.455483 1.088729 2.085973 0.928554 0.873913 
 BEST [s, as it is]: -1.898242 2.842520 -2.273580 -1.983253 -2.633477 -1.824116 -1.763467  -> 0.000047

137

 BEST [given by exp(-s)/exp(-s0)]: 1.000000 0.008732 1.455483 1.088729 2.085973 0.928554 0.873913 
 BEST [s, as it is]: -1.898242 2.842520 -2.273580 -1.983253 -2.633477 -1.824116 -1.763467  -> 0.000047

138

 BEST [given by exp(-s)/exp(-s0)]: 1.000000 0.008732 1.455483 1.088729 2.085973 0.928554 0.873913 
 BEST [s, as it is]: -1.898242 2.842520 -2.273580 -1.983253 -2.633477 -1.824116 -1.763467  -> 0.000047

139

 BEST [given by exp(-s)/exp(-s0)]: 1.000000 0.008732 1.455483 1.088729 2.085973 0.928554 0.873913 
 BEST [s, as it is]: -1.898242 2.842520 -2.273580 -1.983253 -2.633477 -1.824116 -1.763467  -> 0.000047

140

 BEST [given by exp(-s)/exp(-s0)]: 1.000000 0.008732 1.455483 1.088729 2.085973 0.928554 0.873913 
 BEST [s, as it is]: -1.898242 2.842520 -2.273580 -1.983253 -2.633477 -1.824116 -1.763467  -> 0.000047

141

 BEST [given by exp(-s)/exp(-s0)]: 1.000000 0.008732 1.455483 1.088729 2.085973 0.928554 0.873913 
 BEST [s, as it is]: -1.898242 2.842520 -2.273580 -1.983253 -2.633477 -1.824116 -1.763467  -> 0.000047

142

 BEST [given by exp(-s)/exp(-s0)]: 1.000000 0.008732 1.455483 1.088729 2.085973 0.928554 0.873913 
 BEST [s, as it is]: -1.898242 2.842520 -2.273580 -1.983253 -2.633477 -1.824116 -1.763467  -> 0.000047

143

 BEST [given by exp(-s)/exp(-s0)]: 1.000000 0.008732 1.455483 1.088729 2.085973 0.928554 0.873913 
 BEST [s, as it is]: -1.898242 2.842520 -2.273580 -1.983253 -2.633477 -1.824116 -1.763467  -> 0.000047

144

 BEST [given by exp(-s)/exp(-s0)]: 1.000000 0.008732 1.455483 1.088729 2.085973 0.928554 0.873913 
 BEST [s, as it is]: -1.898242 2.842520 -2.273580 -1.983253 -2.633477 -1.824116 -1.763467  -> 0.000047

145

 BEST [given by exp(-s)/exp(-s0)]: 1.000000 0.008732 1.455483 1.088729 2.085973 0.928554 0.873913 
 BEST [s, as it is]: -1.898242 2.842520 -2.273580 -1.983253 -2.633477 -1.824116 -1.763467  -> 0.000047

146

 BEST [given by exp(-s)/exp(-s0)]: 1.000000 0.008732 1.455483 1.088729 2.085973 0.928554 0.873913 
 BEST [s, as it is]: -1.898242 2.842520 -2.273580 -1.983253 -2.633477 -1.824116 -1.763467  -> 0.000047

147

 BEST [given by exp(-s)/exp(-s0)]: 1.000000 0.008732 1.455483 1.088729 2.085973 0.928554 0.873913 
 BEST [s, as it is]: -1.898242 2.842520 -2.273580 -1.983253 -2.633477 -1.824116 -1.763467  -> 0.000047

148

 BEST [given by exp(-s)/exp(-s0)]: 1.000000 0.008732 1.455483 1.088729 2.085973 0.928554 0.873913 
 BEST [s, as it is]: -1.898242 2.842520 -2.273580 -1.983253 -2.633477 -1.824116 -1.763467  -> 0.000047

149

 BEST [given by exp(-s)/exp(-s0)]: 1.000000 0.008732 1.455483 1.088729 2.085973 0.928554 0.873913 
 BEST [s, as it is]: -1.898242 2.842520 -2.273580 -1.983253 -2.633477 -1.824116 -1.763467  -> 0.000047

 KER(DIV)?-0.000000 -0.000000 -0.000000 -0.000000 -0.000000 -0.000000 -0.000000 0.000000 0.000000 0.000000 0.000000 0.000000 0.000000 0.000000 0.000000 0.000000 0.000000 0.000000 -0.000000 -0.000000 -0.000000 -0.000000 0.000000 0.000000 0.000000 0.000000 0.000000 -0.000000 
2-NORM=0.000047THE RESIDUE OF GRAD-S OPTIMIZATION IS WRITTEN IN KERDIV.txt.
PROCESS IT BY CURLSTAR OPTIMIZATION TO GET THE HARMINIC COMPONENT.
